<?xml version="1.0" encoding="UTF-8"?>
<testng-results ignored="0" total="1" passed="1" failed="0" skipped="0">
  <reporter-output>
  </reporter-output>
  <suite started-at="2024-11-19T15:10:30 IST" name="Default suite" finished-at="2024-11-19T15:10:39 IST" duration-ms="9333">
    <groups>
    </groups>
    <test started-at="2024-11-19T15:10:30 IST" name="Default test" finished-at="2024-11-19T15:10:39 IST" duration-ms="9333">
      <class name="org.test.iOT.PushDataAMQP">
        <test-method signature="dataSimulationToRabbitMQ()[pri:0, instance:org.test.iOT.PushDataAMQP@1f97cf0d]" started-at="2024-11-19T15:10:30 IST" name="dataSimulationToRabbitMQ" finished-at="2024-11-19T15:10:39 IST" duration-ms="9283" status="PASS">
          <reporter-output>
          </reporter-output>
        </test-method> <!-- dataSimulationToRabbitMQ -->
      </class> <!-- org.test.iOT.PushDataAMQP -->
    </test> <!-- Default test -->
  </suite> <!-- Default suite -->
</testng-results>
